
15-02-2017 09:04:06:609 - I: 	Loaded bot ../Reference Bot
15-02-2017 09:04:06:609 - I: 	Loaded bot ../Reference Bot
15-02-2017 09:04:06:609 - I: 	Loaded bot ../Reference Bot
15-02-2017 09:04:06:609 - I: 	Loaded bot ../Reference Bot
15-02-2017 09:04:06:609 - I: 	Registered player John
15-02-2017 09:04:06:609 - I: 	Registered player John
15-02-2017 09:04:06:609 - I: 	Registered player John
15-02-2017 09:04:06:609 - I: 	Registered player John
15-02-2017 09:04:06:846 - I: 		OK!
15-02-2017 09:04:11:496 - I: 	Added Command MovementCommand(Down) for Player PlayerEntity(X:2, Y:2, Key:A)
15-02-2017 09:04:11:782 - I: 	Added Command MovementCommand(Left) for Player PlayerEntity(X:20, Y:20, Key:B)
15-02-2017 09:04:12:067 - I: 	Added Command MovementCommand(Up) for Player PlayerEntity(X:2, Y:20, Key:C)
15-02-2017 09:04:12:314 - I: 	Added Command MovementCommand(Left) for Player PlayerEntity(X:20, Y:2, Key:D)
15-02-2017 09:04:12:314 - D: 	Beginning round processing
15-02-2017 09:04:12:314 - D: 	Removing Bomb Explosions from map
15-02-2017 09:04:12:314 - D: 	Decreasing Bomb Timers
15-02-2017 09:04:12:314 - D: 	Detonating Bombs
15-02-2017 09:04:12:314 - D: 	Processing Player Commands
15-02-2017 09:04:12:414 - I: 	Trying to move player A to destination Location(X:2,Y:3)
15-02-2017 09:04:12:414 - I: 	Trying to move player B to destination Location(X:19,Y:20)
15-02-2017 09:04:12:414 - I: 	Trying to move player C to destination Location(X:2,Y:19)
15-02-2017 09:04:12:414 - I: 	Trying to move player D to destination Location(X:19,Y:2)
15-02-2017 09:04:12:414 - D: 	Applying player power ups
15-02-2017 09:04:12:430 - D: 	Destroying marked entities
15-02-2017 09:04:12:451 - I: 	Player PlayerEntity(X:2, Y:3, Key:A) has a movement coverage of 0,71% for the map
15-02-2017 09:04:12:451 - I: 	Player PlayerEntity(X:19, Y:20, Key:B) has a movement coverage of 0,71% for the map
15-02-2017 09:04:12:451 - I: 	Player PlayerEntity(X:2, Y:19, Key:C) has a movement coverage of 0,71% for the map
15-02-2017 09:04:12:451 - I: 	Player PlayerEntity(X:19, Y:2, Key:D) has a movement coverage of 0,71% for the map
15-02-2017 09:04:12:451 - D: 	Round processing complete