
15-02-2017 09:07:32:450 - I: 	Loaded bot ../Reference Bot
15-02-2017 09:07:32:450 - I: 	Loaded bot ../Reference Bot
15-02-2017 09:07:32:450 - I: 	Loaded bot ../Reference Bot
15-02-2017 09:07:32:450 - I: 	Loaded bot ../Reference Bot
15-02-2017 09:07:32:450 - I: 	Registered player John
15-02-2017 09:07:32:450 - I: 	Registered player John
15-02-2017 09:07:32:450 - I: 	Registered player John
15-02-2017 09:07:32:450 - I: 	Registered player John
15-02-2017 09:07:32:512 - I: 		OK!
15-02-2017 09:07:33:128 - I: 	Added Command MovementCommand(Down) for Player PlayerEntity(X:2, Y:2, Key:A)
15-02-2017 09:07:33:450 - I: 	Added Command MovementCommand(Left) for Player PlayerEntity(X:20, Y:20, Key:B)
15-02-2017 09:07:33:713 - I: 	Added Command MovementCommand(Up) for Player PlayerEntity(X:2, Y:20, Key:C)
15-02-2017 09:07:33:951 - I: 	Added Command MovementCommand(Left) for Player PlayerEntity(X:20, Y:2, Key:D)
15-02-2017 09:07:33:951 - D: 	Beginning round processing
15-02-2017 09:07:33:951 - D: 	Removing Bomb Explosions from map
15-02-2017 09:07:33:951 - D: 	Decreasing Bomb Timers
15-02-2017 09:07:33:967 - D: 	Detonating Bombs
15-02-2017 09:07:33:967 - D: 	Processing Player Commands
15-02-2017 09:07:33:998 - I: 	Trying to move player A to destination Location(X:2,Y:3)
15-02-2017 09:07:33:998 - I: 	Trying to move player B to destination Location(X:19,Y:20)
15-02-2017 09:07:33:998 - I: 	Trying to move player C to destination Location(X:2,Y:19)
15-02-2017 09:07:33:998 - I: 	Trying to move player D to destination Location(X:19,Y:2)
15-02-2017 09:07:33:998 - D: 	Applying player power ups
15-02-2017 09:07:33:998 - D: 	Destroying marked entities
15-02-2017 09:07:34:014 - I: 	Player PlayerEntity(X:2, Y:3, Key:A) has a movement coverage of 0,71% for the map
15-02-2017 09:07:34:014 - I: 	Player PlayerEntity(X:19, Y:20, Key:B) has a movement coverage of 0,71% for the map
15-02-2017 09:07:34:014 - I: 	Player PlayerEntity(X:2, Y:19, Key:C) has a movement coverage of 0,71% for the map
15-02-2017 09:07:34:014 - I: 	Player PlayerEntity(X:19, Y:2, Key:D) has a movement coverage of 0,71% for the map
15-02-2017 09:07:34:014 - D: 	Round processing complete