e:\kuda\v1.2.6\botextreme\botextreme\botextreme\debug\botextreme.pch
e:\kuda\v1.2.6\botextreme\botextreme\botextreme\debug\vc140.pdb
e:\kuda\v1.2.6\botextreme\botextreme\botextreme\debug\vc140.idb
e:\kuda\v1.2.6\botextreme\botextreme\botextreme\debug\stdafx.obj
e:\kuda\v1.2.6\botextreme\botextreme\botextreme\debug\botextreme.obj
e:\kuda\v1.2.6\botextreme\botextreme\botextreme\debug\parse.obj
e:\rusa\stima\bomberman\v1.2.6\botextreme\botextreme\botextreme\debug\botextreme.pch
e:\rusa\stima\bomberman\v1.2.6\botextreme\botextreme\botextreme\debug\vc140.pdb
e:\rusa\stima\bomberman\v1.2.6\botextreme\botextreme\botextreme\debug\vc140.idb
e:\rusa\stima\bomberman\v1.2.6\botextreme\botextreme\botextreme\debug\stdafx.obj
e:\rusa\stima\bomberman\v1.2.6\botextreme\botextreme\botextreme\debug\botextreme.obj
e:\rusa\stima\bomberman\v1.2.6\botextreme\botextreme\botextreme\debug\parse.obj
e:\kuda\v1.2.6\botextreme\botextreme\debug\botextreme.ilk
e:\kuda\v1.2.6\botextreme\botextreme\debug\botextreme.exe
e:\kuda\v1.2.6\botextreme\botextreme\debug\botextreme.pdb
e:\rusa\stima\bomberman\v1.2.6\botextreme\botextreme\debug\botextreme.ilk
e:\rusa\stima\bomberman\v1.2.6\botextreme\botextreme\debug\botextreme.exe
e:\rusa\stima\bomberman\v1.2.6\botextreme\botextreme\debug\botextreme.pdb
e:\rusa\stima\bomberman\v1.2.6\botextreme\botextreme\botextreme\debug\botextreme.obj.enc
e:\rusa\stima\bomberman\v1.2.6\botextreme\botextreme\botextreme\debug\botextreme.tlog\cl.command.1.tlog
e:\rusa\stima\bomberman\v1.2.6\botextreme\botextreme\botextreme\debug\botextreme.tlog\cl.read.1.tlog
e:\rusa\stima\bomberman\v1.2.6\botextreme\botextreme\botextreme\debug\botextreme.tlog\cl.write.1.tlog
e:\rusa\stima\bomberman\v1.2.6\botextreme\botextreme\botextreme\debug\botextreme.tlog\link.command.1.tlog
e:\rusa\stima\bomberman\v1.2.6\botextreme\botextreme\botextreme\debug\botextreme.tlog\link.read.1.tlog
e:\rusa\stima\bomberman\v1.2.6\botextreme\botextreme\botextreme\debug\botextreme.tlog\link.write.1.tlog
